{"/Users/tobyharris/code/github.com/ouijan/resource-ql/src/index.ts": {"path":"/Users/tobyharris/code/github.com/ouijan/resource-ql/src/index.ts","statementMap":{"0":{"start":{"line":9,"column":0},"end":{"line":9,"column":9}},"1":{"start":{"line":9,"column":9},"end":{"line":9,"column":41}}},"fnMap":{"0":{"name":"(anonymous_0)","decl":{"start":{"line":9,"column":9},"end":{"line":9,"column":20}},"loc":{"start":{"line":9,"column":9},"end":{"line":9,"column":41}}}},"branchMap":{},"s":{"0":1,"1":2},"f":{"0":1},"b":{}}
,"/Users/tobyharris/code/github.com/ouijan/resource-ql/src/resource.ts": {"path":"/Users/tobyharris/code/github.com/ouijan/resource-ql/src/resource.ts","statementMap":{"0":{"start":{"line":35,"column":0},"end":{"line":35,"column":16}},"1":{"start":{"line":4,"column":0},"end":{"line":4,"column":55}},"2":{"start":{"line":38,"column":2},"end":{"line":38,"column":72}},"3":{"start":{"line":38,"column":61},"end":{"line":38,"column":70}}},"fnMap":{"0":{"name":"NewResource","decl":{"start":{"line":35,"column":16},"end":{"line":35,"column":27}},"loc":{"start":{"line":36,"column":22},"end":{"line":39,"column":1}}},"1":{"name":"(anonymous_1)","decl":{"start":{"line":38,"column":46},"end":{"line":38,"column":47}},"loc":{"start":{"line":38,"column":61},"end":{"line":38,"column":70}}}},"branchMap":{},"s":{"0":2,"1":2,"2":2,"3":1},"f":{"0":2,"1":1},"b":{}}
,"/Users/tobyharris/code/github.com/ouijan/resource-ql/src/accessors/col.ts": {"path":"/Users/tobyharris/code/github.com/ouijan/resource-ql/src/accessors/col.ts","statementMap":{"0":{"start":{"line":11,"column":0},"end":{"line":11,"column":28}},"1":{"start":{"line":17,"column":12},"end":{"line":17,"column":33}},"2":{"start":{"line":18,"column":11},"end":{"line":18,"column":28}},"3":{"start":{"line":21,"column":4},"end":{"line":21,"column":36}},"4":{"start":{"line":25,"column":4},"end":{"line":25,"column":62}},"5":{"start":{"line":29,"column":4},"end":{"line":29,"column":50}},"6":{"start":{"line":33,"column":4},"end":{"line":33,"column":46}},"7":{"start":{"line":37,"column":4},"end":{"line":37,"column":51}},"8":{"start":{"line":13,"column":0},"end":{"line":13,"column":13}}},"fnMap":{"0":{"name":"(anonymous_0)","decl":{"start":{"line":16,"column":2},"end":{"line":16,"column":null}},"loc":{"start":{"line":19,"column":29},"end":{"line":22,"column":3}}},"1":{"name":"(anonymous_1)","decl":{"start":{"line":24,"column":2},"end":{"line":24,"column":5}},"loc":{"start":{"line":24,"column":34},"end":{"line":26,"column":3}}},"2":{"name":"(anonymous_2)","decl":{"start":{"line":28,"column":2},"end":{"line":28,"column":6}},"loc":{"start":{"line":28,"column":6},"end":{"line":30,"column":3}}},"3":{"name":"(anonymous_3)","decl":{"start":{"line":32,"column":2},"end":{"line":32,"column":8}},"loc":{"start":{"line":32,"column":19},"end":{"line":34,"column":3}}},"4":{"name":"(anonymous_4)","decl":{"start":{"line":36,"column":2},"end":{"line":36,"column":5}},"loc":{"start":{"line":36,"column":16},"end":{"line":38,"column":3}}}},"branchMap":{"0":{"loc":{"start":{"line":21,"column":20},"end":{"line":21,"column":35}},"type":"cond-expr","locations":[{"start":{"line":21,"column":20},"end":{"line":21,"column":28}},{"start":{"line":21,"column":32},"end":{"line":21,"column":35}}]},"1":{"loc":{"start":{"line":21,"column":20},"end":{"line":21,"column":32}},"type":"binary-expr","locations":[{"start":{"line":21,"column":20},"end":{"line":21,"column":32}},{"start":{"line":21,"column":20},"end":{"line":21,"column":32}}]}},"s":{"0":6,"1":16,"2":16,"3":16,"4":2,"5":1,"6":2,"7":1,"8":6},"f":{"0":16,"1":2,"2":1,"3":2,"4":1},"b":{"0":[12,4],"1":[16,16]}}
,"/Users/tobyharris/code/github.com/ouijan/resource-ql/src/accessors/doc.ts": {"path":"/Users/tobyharris/code/github.com/ouijan/resource-ql/src/accessors/doc.ts","statementMap":{"0":{"start":{"line":1,"column":0},"end":{"line":1,"column":50}},"1":{"start":{"line":6,"column":0},"end":{"line":6,"column":56}},"2":{"start":{"line":9,"column":22},"end":{"line":9,"column":43}},"3":{"start":{"line":9,"column":52},"end":{"line":9,"column":69}},"4":{"start":{"line":12,"column":4},"end":{"line":12,"column":52}},"5":{"start":{"line":16,"column":4},"end":{"line":16,"column":40}},"6":{"start":{"line":20,"column":4},"end":{"line":24,"column":5}},"7":{"start":{"line":21,"column":6},"end":{"line":21,"column":35}},"8":{"start":{"line":23,"column":6},"end":{"line":23,"column":13}},"9":{"start":{"line":28,"column":4},"end":{"line":28,"column":78}},"10":{"start":{"line":28,"column":62},"end":{"line":28,"column":75}},"11":{"start":{"line":32,"column":4},"end":{"line":32,"column":45}},"12":{"start":{"line":36,"column":16},"end":{"line":36,"column":58}},"13":{"start":{"line":37,"column":4},"end":{"line":37,"column":39}},"14":{"start":{"line":41,"column":19},"end":{"line":41,"column":64}},"15":{"start":{"line":42,"column":4},"end":{"line":46,"column":6}},"16":{"start":{"line":44,"column":12},"end":{"line":44,"column":18}},"17":{"start":{"line":45,"column":12},"end":{"line":45,"column":45}},"18":{"start":{"line":8,"column":0},"end":{"line":8,"column":13}}},"fnMap":{"0":{"name":"(anonymous_0)","decl":{"start":{"line":9,"column":2},"end":{"line":9,"column":22}},"loc":{"start":{"line":9,"column":69},"end":{"line":9,"column":73}}},"1":{"name":"(anonymous_1)","decl":{"start":{"line":11,"column":2},"end":{"line":11,"column":5}},"loc":{"start":{"line":11,"column":34},"end":{"line":13,"column":3}}},"2":{"name":"(anonymous_2)","decl":{"start":{"line":15,"column":2},"end":{"line":15,"column":6}},"loc":{"start":{"line":15,"column":6},"end":{"line":17,"column":3}}},"3":{"name":"(anonymous_3)","decl":{"start":{"line":19,"column":8},"end":{"line":19,"column":14}},"loc":{"start":{"line":19,"column":43},"end":{"line":25,"column":null}}},"4":{"name":"(anonymous_5)","decl":{"start":{"line":27,"column":2},"end":{"line":27,"column":9}},"loc":{"start":{"line":27,"column":9},"end":{"line":29,"column":3}}},"5":{"name":"(anonymous_6)","decl":{"start":{"line":28,"column":56},"end":{"line":28,"column":59}},"loc":{"start":{"line":28,"column":62},"end":{"line":28,"column":75}}},"6":{"name":"(anonymous_7)","decl":{"start":{"line":31,"column":2},"end":{"line":31,"column":8}},"loc":{"start":{"line":31,"column":8},"end":{"line":33,"column":3}}},"7":{"name":"(anonymous_8)","decl":{"start":{"line":35,"column":2},"end":{"line":35,"column":8}},"loc":{"start":{"line":35,"column":8},"end":{"line":38,"column":3}}},"8":{"name":"(anonymous_9)","decl":{"start":{"line":40,"column":2},"end":{"line":40,"column":5}},"loc":{"start":{"line":40,"column":24},"end":{"line":47,"column":3}}},"9":{"name":"(anonymous_10)","decl":{"start":{"line":44,"column":6},"end":{"line":44,"column":9}},"loc":{"start":{"line":44,"column":12},"end":{"line":44,"column":18}}},"10":{"name":"(anonymous_11)","decl":{"start":{"line":45,"column":6},"end":{"line":45,"column":9}},"loc":{"start":{"line":45,"column":12},"end":{"line":45,"column":45}}}},"branchMap":{},"s":{"0":6,"1":6,"2":17,"3":17,"4":3,"5":1,"6":2,"7":2,"8":1,"9":2,"10":1,"11":2,"12":1,"13":1,"14":1,"15":1,"16":1,"17":1,"18":6},"f":{"0":17,"1":3,"2":1,"3":2,"4":2,"5":1,"6":2,"7":1,"8":1,"9":1,"10":1},"b":{}}
,"/Users/tobyharris/code/github.com/ouijan/resource-ql/src/accessors/query.ts": {"path":"/Users/tobyharris/code/github.com/ouijan/resource-ql/src/accessors/query.ts","statementMap":{"0":{"start":{"line":12,"column":22},"end":{"line":12,"column":43}},"1":{"start":{"line":12,"column":52},"end":{"line":12,"column":71}},"2":{"start":{"line":15,"column":4},"end":{"line":15,"column":57}},"3":{"start":{"line":19,"column":4},"end":{"line":19,"column":45}},"4":{"start":{"line":23,"column":18},"end":{"line":23,"column":60}},"5":{"start":{"line":24,"column":4},"end":{"line":24,"column":43}},"6":{"start":{"line":28,"column":18},"end":{"line":28,"column":36}},"7":{"start":{"line":29,"column":4},"end":{"line":29,"column":43}},"8":{"start":{"line":11,"column":0},"end":{"line":11,"column":13}}},"fnMap":{"0":{"name":"(anonymous_0)","decl":{"start":{"line":12,"column":2},"end":{"line":12,"column":22}},"loc":{"start":{"line":12,"column":71},"end":{"line":12,"column":75}}},"1":{"name":"(anonymous_1)","decl":{"start":{"line":14,"column":2},"end":{"line":14,"column":5}},"loc":{"start":{"line":14,"column":34},"end":{"line":16,"column":3}}},"2":{"name":"(anonymous_2)","decl":{"start":{"line":18,"column":2},"end":{"line":18,"column":6}},"loc":{"start":{"line":18,"column":6},"end":{"line":20,"column":3}}},"3":{"name":"(anonymous_3)","decl":{"start":{"line":22,"column":2},"end":{"line":22,"column":13}},"loc":{"start":{"line":22,"column":45},"end":{"line":25,"column":3}}},"4":{"name":"(anonymous_4)","decl":{"start":{"line":27,"column":2},"end":{"line":27,"column":7}},"loc":{"start":{"line":27,"column":55},"end":{"line":30,"column":3}}}},"branchMap":{},"s":{"0":13,"1":13,"2":2,"3":1,"4":1,"5":1,"6":1,"7":1,"8":5},"f":{"0":13,"1":2,"2":1,"3":1,"4":1},"b":{}}
,"/Users/tobyharris/code/github.com/ouijan/resource-ql/src/resolvers/col-resolver.ts": {"path":"/Users/tobyharris/code/github.com/ouijan/resource-ql/src/resolvers/col-resolver.ts","statementMap":{"0":{"start":{"line":3,"column":0},"end":{"line":3,"column":56}},"1":{"start":{"line":4,"column":0},"end":{"line":4,"column":39}},"2":{"start":{"line":21,"column":17},"end":{"line":21,"column":76}},"3":{"start":{"line":22,"column":4},"end":{"line":22,"column":44}},"4":{"start":{"line":26,"column":12},"end":{"line":26,"column":33}},"5":{"start":{"line":27,"column":12},"end":{"line":27,"column":63}},"6":{"start":{"line":28,"column":12},"end":{"line":28,"column":67}},"7":{"start":{"line":32,"column":16},"end":{"line":32,"column":40}},"8":{"start":{"line":33,"column":21},"end":{"line":33,"column":47}},"9":{"start":{"line":34,"column":4},"end":{"line":34,"column":49}},"10":{"start":{"line":40,"column":4},"end":{"line":43,"column":7}},"11":{"start":{"line":41,"column":23},"end":{"line":41,"column":52}},"12":{"start":{"line":42,"column":6},"end":{"line":42,"column":32}},"13":{"start":{"line":47,"column":4},"end":{"line":50,"column":7}},"14":{"start":{"line":48,"column":23},"end":{"line":48,"column":52}},"15":{"start":{"line":49,"column":6},"end":{"line":49,"column":56}},"16":{"start":{"line":13,"column":0},"end":{"line":13,"column":13}}},"fnMap":{"0":{"name":"(anonymous_0)","decl":{"start":{"line":16,"column":2},"end":{"line":16,"column":8}},"loc":{"start":{"line":19,"column":58},"end":{"line":23,"column":3}}},"1":{"name":"(anonymous_1)","decl":{"start":{"line":25,"column":2},"end":{"line":25,"column":null}},"loc":{"start":{"line":28,"column":67},"end":{"line":29,"column":6}}},"2":{"name":"(anonymous_2)","decl":{"start":{"line":31,"column":2},"end":{"line":31,"column":9}},"loc":{"start":{"line":31,"column":30},"end":{"line":35,"column":3}}},"3":{"name":"(anonymous_3)","decl":{"start":{"line":37,"column":2},"end":{"line":37,"column":7}},"loc":{"start":{"line":38,"column":55},"end":{"line":44,"column":3}}},"4":{"name":"(anonymous_4)","decl":{"start":{"line":40,"column":63},"end":{"line":40,"column":64}},"loc":{"start":{"line":40,"column":77},"end":{"line":43,"column":5}}},"5":{"name":"(anonymous_5)","decl":{"start":{"line":46,"column":2},"end":{"line":46,"column":13}},"loc":{"start":{"line":46,"column":45},"end":{"line":51,"column":3}}},"6":{"name":"(anonymous_6)","decl":{"start":{"line":47,"column":63},"end":{"line":47,"column":64}},"loc":{"start":{"line":47,"column":77},"end":{"line":50,"column":5}}}},"branchMap":{},"s":{"0":6,"1":6,"2":12,"3":12,"4":12,"5":12,"6":12,"7":8,"8":8,"9":8,"10":1,"11":1,"12":1,"13":2,"14":2,"15":2,"16":6},"f":{"0":12,"1":12,"2":8,"3":1,"4":1,"5":2,"6":2},"b":{}}
,"/Users/tobyharris/code/github.com/ouijan/resource-ql/src/resolvers/doc-resolver.ts": {"path":"/Users/tobyharris/code/github.com/ouijan/resource-ql/src/resolvers/doc-resolver.ts","statementMap":{"0":{"start":{"line":1,"column":0},"end":{"line":1,"column":39}},"1":{"start":{"line":7,"column":0},"end":{"line":7,"column":45}},"2":{"start":{"line":8,"column":0},"end":{"line":8,"column":49}},"3":{"start":{"line":9,"column":0},"end":{"line":9,"column":56}},"4":{"start":{"line":18,"column":17},"end":{"line":18,"column":62}},"5":{"start":{"line":19,"column":4},"end":{"line":19,"column":44}},"6":{"start":{"line":23,"column":12},"end":{"line":23,"column":33}},"7":{"start":{"line":24,"column":11},"end":{"line":24,"column":62}},"8":{"start":{"line":28,"column":4},"end":{"line":31,"column":7}},"9":{"start":{"line":29,"column":24},"end":{"line":29,"column":51}},"10":{"start":{"line":30,"column":6},"end":{"line":30,"column":57}},"11":{"start":{"line":35,"column":4},"end":{"line":35,"column":60}},"12":{"start":{"line":39,"column":24},"end":{"line":40,"column":67}},"13":{"start":{"line":40,"column":6},"end":{"line":40,"column":67}},"14":{"start":{"line":41,"column":26},"end":{"line":42,"column":52}},"15":{"start":{"line":42,"column":6},"end":{"line":42,"column":52}},"16":{"start":{"line":43,"column":4},"end":{"line":43,"column":73}},"17":{"start":{"line":49,"column":4},"end":{"line":52,"column":7}},"18":{"start":{"line":50,"column":24},"end":{"line":50,"column":51}},"19":{"start":{"line":51,"column":6},"end":{"line":51,"column":33}},"20":{"start":{"line":11,"column":0},"end":{"line":11,"column":13}}},"fnMap":{"0":{"name":"(anonymous_0)","decl":{"start":{"line":14,"column":2},"end":{"line":14,"column":8}},"loc":{"start":{"line":16,"column":54},"end":{"line":20,"column":3}}},"1":{"name":"(anonymous_1)","decl":{"start":{"line":22,"column":2},"end":{"line":22,"column":null}},"loc":{"start":{"line":24,"column":62},"end":{"line":25,"column":6}}},"2":{"name":"(anonymous_2)","decl":{"start":{"line":27,"column":2},"end":{"line":27,"column":8}},"loc":{"start":{"line":27,"column":8},"end":{"line":32,"column":3}}},"3":{"name":"(anonymous_3)","decl":{"start":{"line":28,"column":45},"end":{"line":28,"column":46}},"loc":{"start":{"line":28,"column":59},"end":{"line":31,"column":5}}},"4":{"name":"(anonymous_4)","decl":{"start":{"line":34,"column":2},"end":{"line":34,"column":9}},"loc":{"start":{"line":34,"column":30},"end":{"line":36,"column":3}}},"5":{"name":"(anonymous_5)","decl":{"start":{"line":38,"column":2},"end":{"line":38,"column":5}},"loc":{"start":{"line":38,"column":24},"end":{"line":44,"column":3}}},"6":{"name":"(anonymous_6)","decl":{"start":{"line":39,"column":24},"end":{"line":39,"column":25}},"loc":{"start":{"line":40,"column":6},"end":{"line":40,"column":67}}},"7":{"name":"(anonymous_7)","decl":{"start":{"line":41,"column":26},"end":{"line":41,"column":27}},"loc":{"start":{"line":42,"column":6},"end":{"line":42,"column":52}}},"8":{"name":"(anonymous_8)","decl":{"start":{"line":46,"column":2},"end":{"line":46,"column":7}},"loc":{"start":{"line":47,"column":54},"end":{"line":53,"column":3}}},"9":{"name":"(anonymous_9)","decl":{"start":{"line":49,"column":47},"end":{"line":49,"column":48}},"loc":{"start":{"line":49,"column":61},"end":{"line":52,"column":5}}}},"branchMap":{},"s":{"0":3,"1":3,"2":3,"3":3,"4":10,"5":10,"6":10,"7":10,"8":2,"9":2,"10":2,"11":4,"12":1,"13":2,"14":1,"15":1,"16":1,"17":1,"18":1,"19":1,"20":3},"f":{"0":10,"1":10,"2":2,"3":2,"4":4,"5":1,"6":2,"7":1,"8":1,"9":1},"b":{}}
,"/Users/tobyharris/code/github.com/ouijan/resource-ql/src/resolvers/query-resolver.ts": {"path":"/Users/tobyharris/code/github.com/ouijan/resource-ql/src/resolvers/query-resolver.ts","statementMap":{"0":{"start":{"line":1,"column":0},"end":{"line":1,"column":43}},"1":{"start":{"line":10,"column":0},"end":{"line":10,"column":56}},"2":{"start":{"line":19,"column":17},"end":{"line":19,"column":57}},"3":{"start":{"line":20,"column":4},"end":{"line":20,"column":44}},"4":{"start":{"line":24,"column":12},"end":{"line":24,"column":33}},"5":{"start":{"line":25,"column":11},"end":{"line":25,"column":66}},"6":{"start":{"line":29,"column":16},"end":{"line":29,"column":42}},"7":{"start":{"line":30,"column":4},"end":{"line":30,"column":41}},"8":{"start":{"line":34,"column":4},"end":{"line":40,"column":6}},"9":{"start":{"line":37,"column":20},"end":{"line":37,"column":49}},"10":{"start":{"line":38,"column":8},"end":{"line":38,"column":53}},"11":{"start":{"line":46,"column":4},"end":{"line":49,"column":7}},"12":{"start":{"line":47,"column":23},"end":{"line":47,"column":52}},"13":{"start":{"line":48,"column":6},"end":{"line":48,"column":32}},"14":{"start":{"line":12,"column":0},"end":{"line":12,"column":13}}},"fnMap":{"0":{"name":"(anonymous_0)","decl":{"start":{"line":15,"column":2},"end":{"line":15,"column":8}},"loc":{"start":{"line":17,"column":58},"end":{"line":21,"column":3}}},"1":{"name":"(anonymous_1)","decl":{"start":{"line":23,"column":2},"end":{"line":23,"column":null}},"loc":{"start":{"line":25,"column":66},"end":{"line":26,"column":6}}},"2":{"name":"(anonymous_2)","decl":{"start":{"line":28,"column":2},"end":{"line":28,"column":9}},"loc":{"start":{"line":28,"column":30},"end":{"line":31,"column":3}}},"3":{"name":"(anonymous_3)","decl":{"start":{"line":33,"column":2},"end":{"line":33,"column":13}},"loc":{"start":{"line":33,"column":45},"end":{"line":41,"column":3}}},"4":{"name":"(anonymous_4)","decl":{"start":{"line":36,"column":6},"end":{"line":36,"column":7}},"loc":{"start":{"line":36,"column":50},"end":{"line":39,"column":7}}},"5":{"name":"(anonymous_5)","decl":{"start":{"line":43,"column":2},"end":{"line":43,"column":7}},"loc":{"start":{"line":44,"column":55},"end":{"line":50,"column":3}}},"6":{"name":"(anonymous_6)","decl":{"start":{"line":46,"column":47},"end":{"line":46,"column":48}},"loc":{"start":{"line":46,"column":61},"end":{"line":49,"column":5}}}},"branchMap":{},"s":{"0":4,"1":4,"2":9,"3":9,"4":9,"5":9,"6":5,"7":5,"8":2,"9":2,"10":2,"11":1,"12":1,"13":1,"14":4},"f":{"0":9,"1":9,"2":5,"3":2,"4":2,"5":1,"6":1},"b":{}}
,"/Users/tobyharris/code/github.com/ouijan/resource-ql/src/resolvers/resolver.ts": {"path":"/Users/tobyharris/code/github.com/ouijan/resource-ql/src/resolvers/resolver.ts","statementMap":{"0":{"start":{"line":5,"column":0},"end":{"line":5,"column":16}},"1":{"start":{"line":9,"column":13},"end":{"line":9,"column":32}},"2":{"start":{"line":10,"column":17},"end":{"line":10,"column":39}},"3":{"start":{"line":13,"column":2},"end":{"line":15,"column":5}},"4":{"start":{"line":14,"column":5},"end":{"line":14,"column":47}},"5":{"start":{"line":18,"column":2},"end":{"line":18,"column":60}},"6":{"start":{"line":20,"column":2},"end":{"line":20,"column":16}}},"fnMap":{"0":{"name":"MakeResolver","decl":{"start":{"line":5,"column":16},"end":{"line":5,"column":28}},"loc":{"start":{"line":7,"column":29},"end":{"line":21,"column":1}}},"1":{"name":"(anonymous_1)","decl":{"start":{"line":13,"column":61},"end":{"line":13,"column":62}},"loc":{"start":{"line":13,"column":70},"end":{"line":15,"column":3}}}},"branchMap":{},"s":{"0":8,"1":37,"2":37,"3":37,"4":147,"5":37,"6":37},"f":{"0":37,"1":147},"b":{}}
,"/Users/tobyharris/code/github.com/ouijan/resource-ql/src/testing/testing-adaptor.ts": {"path":"/Users/tobyharris/code/github.com/ouijan/resource-ql/src/testing/testing-adaptor.ts","statementMap":{"0":{"start":{"line":28,"column":2},"end":{"line":28,"column":21}},"1":{"start":{"line":29,"column":2},"end":{"line":29,"column":21}},"2":{"start":{"line":30,"column":2},"end":{"line":30,"column":27}},"3":{"start":{"line":31,"column":2},"end":{"line":31,"column":24}},"4":{"start":{"line":32,"column":2},"end":{"line":32,"column":18}},"5":{"start":{"line":33,"column":2},"end":{"line":33,"column":19}},"6":{"start":{"line":34,"column":2},"end":{"line":34,"column":19}},"7":{"start":{"line":35,"column":2},"end":{"line":35,"column":20}},"8":{"start":{"line":36,"column":2},"end":{"line":36,"column":20}},"9":{"start":{"line":37,"column":2},"end":{"line":37,"column":26}},"10":{"start":{"line":27,"column":0},"end":{"line":27,"column":13}}},"fnMap":{"0":{"name":"(anonymous_0)","decl":{"start":{"line":27,"column":0},"end":{"line":27,"column":13}},"loc":{"start":{"line":27,"column":0},"end":{"line":38,"column":1}}}},"branchMap":{},"s":{"0":44,"1":44,"2":44,"3":44,"4":44,"5":44,"6":44,"7":44,"8":44,"9":44,"10":7},"f":{"0":44},"b":{}}
}
