{"/Users/tobyharris/code/github.com/ouijan/resource-ql/src/index.ts": {"path":"/Users/tobyharris/code/github.com/ouijan/resource-ql/src/index.ts","statementMap":{"0":{"start":{"line":2,"column":0},"end":{"line":2,"column":9}},"1":{"start":{"line":2,"column":9},"end":{"line":2,"column":38}}},"fnMap":{"0":{"name":"(anonymous_0)","decl":{"start":{"line":2,"column":9},"end":{"line":2,"column":17}},"loc":{"start":{"line":2,"column":9},"end":{"line":2,"column":38}}}},"branchMap":{},"s":{"0":0,"1":0},"f":{"0":0},"b":{}}
,"/Users/tobyharris/code/github.com/ouijan/resource-ql/src/resource.ts": {"path":"/Users/tobyharris/code/github.com/ouijan/resource-ql/src/resource.ts","statementMap":{"0":{"start":{"line":2,"column":0},"end":{"line":2,"column":51}},"1":{"start":{"line":39,"column":4},"end":{"line":39,"column":45}},"2":{"start":{"line":39,"column":34},"end":{"line":39,"column":43}},"3":{"start":{"line":37,"column":0},"end":{"line":37,"column":13}}},"fnMap":{"0":{"name":"(anonymous_0)","decl":{"start":{"line":38,"column":2},"end":{"line":38,"column":14}},"loc":{"start":{"line":38,"column":34},"end":{"line":40,"column":3}}},"1":{"name":"(anonymous_1)","decl":{"start":{"line":39,"column":19},"end":{"line":39,"column":20}},"loc":{"start":{"line":39,"column":34},"end":{"line":39,"column":43}}}},"branchMap":{},"s":{"0":0,"1":0,"2":0,"3":0},"f":{"0":0,"1":0},"b":{}}
,"/Users/tobyharris/code/github.com/ouijan/resource-ql/src/nodes/col-resolver.ts": {"path":"/Users/tobyharris/code/github.com/ouijan/resource-ql/src/nodes/col-resolver.ts","statementMap":{"0":{"start":{"line":9,"column":0},"end":{"line":9,"column":28}},"1":{"start":{"line":31,"column":12},"end":{"line":31,"column":33}},"2":{"start":{"line":32,"column":12},"end":{"line":32,"column":63}},"3":{"start":{"line":33,"column":12},"end":{"line":33,"column":67}},"4":{"start":{"line":69,"column":2},"end":{"line":69,"column":22}},"5":{"start":{"line":53,"column":16},"end":{"line":53,"column":40}},"6":{"start":{"line":54,"column":4},"end":{"line":54,"column":39}},"7":{"start":{"line":89,"column":4},"end":{"line":92,"column":7}},"8":{"start":{"line":90,"column":23},"end":{"line":90,"column":52}},"9":{"start":{"line":91,"column":6},"end":{"line":91,"column":32}},"10":{"start":{"line":111,"column":4},"end":{"line":114,"column":7}},"11":{"start":{"line":112,"column":23},"end":{"line":112,"column":52}},"12":{"start":{"line":113,"column":6},"end":{"line":113,"column":56}},"13":{"start":{"line":29,"column":0},"end":{"line":29,"column":13}}},"fnMap":{"0":{"name":"(anonymous_0)","decl":{"start":{"line":30,"column":2},"end":{"line":30,"column":null}},"loc":{"start":{"line":33,"column":67},"end":{"line":34,"column":6}}},"1":{"name":"(anonymous_1)","decl":{"start":{"line":52,"column":2},"end":{"line":52,"column":9}},"loc":{"start":{"line":52,"column":30},"end":{"line":55,"column":3}}},"2":{"name":"(anonymous_2)","decl":{"start":{"line":86,"column":2},"end":{"line":86,"column":7}},"loc":{"start":{"line":87,"column":55},"end":{"line":93,"column":3}}},"3":{"name":"(anonymous_3)","decl":{"start":{"line":89,"column":60},"end":{"line":89,"column":61}},"loc":{"start":{"line":89,"column":74},"end":{"line":92,"column":5}}},"4":{"name":"(anonymous_4)","decl":{"start":{"line":110,"column":2},"end":{"line":110,"column":13}},"loc":{"start":{"line":110,"column":45},"end":{"line":115,"column":3}}},"5":{"name":"(anonymous_5)","decl":{"start":{"line":111,"column":60},"end":{"line":111,"column":61}},"loc":{"start":{"line":111,"column":74},"end":{"line":114,"column":5}}}},"branchMap":{},"s":{"0":2,"1":6,"2":6,"3":6,"4":6,"5":2,"6":2,"7":1,"8":1,"9":1,"10":1,"11":1,"12":1,"13":2},"f":{"0":6,"1":2,"2":1,"3":1,"4":1,"5":1},"b":{}}
,"/Users/tobyharris/code/github.com/ouijan/resource-ql/src/nodes/col.ts": {"path":"/Users/tobyharris/code/github.com/ouijan/resource-ql/src/nodes/col.ts","statementMap":{"0":{"start":{"line":10,"column":0},"end":{"line":10,"column":28}},"1":{"start":{"line":33,"column":12},"end":{"line":33,"column":33}},"2":{"start":{"line":34,"column":11},"end":{"line":34,"column":28}},"3":{"start":{"line":37,"column":4},"end":{"line":37,"column":36}},"4":{"start":{"line":55,"column":4},"end":{"line":55,"column":62}},"5":{"start":{"line":71,"column":4},"end":{"line":71,"column":50}},"6":{"start":{"line":86,"column":4},"end":{"line":86,"column":46}},"7":{"start":{"line":102,"column":4},"end":{"line":102,"column":51}},"8":{"start":{"line":29,"column":0},"end":{"line":29,"column":13}}},"fnMap":{"0":{"name":"(anonymous_0)","decl":{"start":{"line":32,"column":2},"end":{"line":32,"column":null}},"loc":{"start":{"line":35,"column":29},"end":{"line":38,"column":3}}},"1":{"name":"(anonymous_1)","decl":{"start":{"line":54,"column":2},"end":{"line":54,"column":5}},"loc":{"start":{"line":54,"column":34},"end":{"line":56,"column":3}}},"2":{"name":"(anonymous_2)","decl":{"start":{"line":70,"column":2},"end":{"line":70,"column":6}},"loc":{"start":{"line":70,"column":6},"end":{"line":72,"column":3}}},"3":{"name":"(anonymous_3)","decl":{"start":{"line":85,"column":2},"end":{"line":85,"column":8}},"loc":{"start":{"line":85,"column":19},"end":{"line":87,"column":3}}},"4":{"name":"(anonymous_4)","decl":{"start":{"line":101,"column":2},"end":{"line":101,"column":5}},"loc":{"start":{"line":101,"column":16},"end":{"line":103,"column":3}}}},"branchMap":{"0":{"loc":{"start":{"line":37,"column":20},"end":{"line":37,"column":35}},"type":"cond-expr","locations":[{"start":{"line":37,"column":20},"end":{"line":37,"column":28}},{"start":{"line":37,"column":32},"end":{"line":37,"column":35}}]},"1":{"loc":{"start":{"line":37,"column":20},"end":{"line":37,"column":32}},"type":"binary-expr","locations":[{"start":{"line":37,"column":20},"end":{"line":37,"column":32}},{"start":{"line":37,"column":20},"end":{"line":37,"column":32}}]}},"s":{"0":2,"1":10,"2":10,"3":10,"4":2,"5":1,"6":2,"7":1,"8":2},"f":{"0":10,"1":2,"2":1,"3":2,"4":1},"b":{"0":[7,3],"1":[10,10]}}
,"/Users/tobyharris/code/github.com/ouijan/resource-ql/src/nodes/doc-resolver.ts": {"path":"/Users/tobyharris/code/github.com/ouijan/resource-ql/src/nodes/doc-resolver.ts","statementMap":{"0":{"start":{"line":2,"column":0},"end":{"line":2,"column":45}},"1":{"start":{"line":3,"column":0},"end":{"line":3,"column":28}},"2":{"start":{"line":4,"column":0},"end":{"line":4,"column":49}},"3":{"start":{"line":27,"column":12},"end":{"line":27,"column":33}},"4":{"start":{"line":28,"column":11},"end":{"line":28,"column":62}},"5":{"start":{"line":84,"column":2},"end":{"line":84,"column":22}},"6":{"start":{"line":46,"column":4},"end":{"line":49,"column":7}},"7":{"start":{"line":47,"column":24},"end":{"line":47,"column":51}},"8":{"start":{"line":48,"column":6},"end":{"line":48,"column":57}},"9":{"start":{"line":69,"column":4},"end":{"line":69,"column":60}},"10":{"start":{"line":102,"column":24},"end":{"line":103,"column":67}},"11":{"start":{"line":103,"column":6},"end":{"line":103,"column":67}},"12":{"start":{"line":104,"column":26},"end":{"line":105,"column":52}},"13":{"start":{"line":105,"column":6},"end":{"line":105,"column":52}},"14":{"start":{"line":106,"column":4},"end":{"line":106,"column":70}},"15":{"start":{"line":132,"column":4},"end":{"line":135,"column":7}},"16":{"start":{"line":133,"column":24},"end":{"line":133,"column":51}},"17":{"start":{"line":134,"column":6},"end":{"line":134,"column":33}},"18":{"start":{"line":25,"column":0},"end":{"line":25,"column":13}}},"fnMap":{"0":{"name":"(anonymous_0)","decl":{"start":{"line":26,"column":2},"end":{"line":26,"column":null}},"loc":{"start":{"line":28,"column":62},"end":{"line":29,"column":6}}},"1":{"name":"(anonymous_1)","decl":{"start":{"line":45,"column":2},"end":{"line":45,"column":8}},"loc":{"start":{"line":45,"column":8},"end":{"line":50,"column":3}}},"2":{"name":"(anonymous_2)","decl":{"start":{"line":46,"column":42},"end":{"line":46,"column":43}},"loc":{"start":{"line":46,"column":56},"end":{"line":49,"column":5}}},"3":{"name":"(anonymous_3)","decl":{"start":{"line":68,"column":2},"end":{"line":68,"column":9}},"loc":{"start":{"line":68,"column":30},"end":{"line":70,"column":3}}},"4":{"name":"(anonymous_4)","decl":{"start":{"line":101,"column":2},"end":{"line":101,"column":5}},"loc":{"start":{"line":101,"column":24},"end":{"line":107,"column":3}}},"5":{"name":"(anonymous_5)","decl":{"start":{"line":102,"column":24},"end":{"line":102,"column":25}},"loc":{"start":{"line":103,"column":6},"end":{"line":103,"column":67}}},"6":{"name":"(anonymous_6)","decl":{"start":{"line":104,"column":26},"end":{"line":104,"column":27}},"loc":{"start":{"line":105,"column":6},"end":{"line":105,"column":52}}},"7":{"name":"(anonymous_7)","decl":{"start":{"line":129,"column":2},"end":{"line":129,"column":7}},"loc":{"start":{"line":130,"column":54},"end":{"line":136,"column":3}}},"8":{"name":"(anonymous_8)","decl":{"start":{"line":132,"column":44},"end":{"line":132,"column":45}},"loc":{"start":{"line":132,"column":58},"end":{"line":135,"column":5}}}},"branchMap":{},"s":{"0":0,"1":0,"2":0,"3":0,"4":0,"5":0,"6":0,"7":0,"8":0,"9":0,"10":0,"11":0,"12":0,"13":0,"14":0,"15":0,"16":0,"17":0,"18":0},"f":{"0":0,"1":0,"2":0,"3":0,"4":0,"5":0,"6":0,"7":0,"8":0},"b":{}}
,"/Users/tobyharris/code/github.com/ouijan/resource-ql/src/nodes/doc.ts": {"path":"/Users/tobyharris/code/github.com/ouijan/resource-ql/src/nodes/doc.ts","statementMap":{"0":{"start":{"line":1,"column":0},"end":{"line":1,"column":50}},"1":{"start":{"line":3,"column":0},"end":{"line":3,"column":45}},"2":{"start":{"line":24,"column":22},"end":{"line":24,"column":43}},"3":{"start":{"line":24,"column":52},"end":{"line":24,"column":69}},"4":{"start":{"line":39,"column":4},"end":{"line":39,"column":52}},"5":{"start":{"line":55,"column":4},"end":{"line":55,"column":40}},"6":{"start":{"line":75,"column":4},"end":{"line":79,"column":5}},"7":{"start":{"line":76,"column":6},"end":{"line":76,"column":35}},"8":{"start":{"line":78,"column":6},"end":{"line":78,"column":13}},"9":{"start":{"line":100,"column":4},"end":{"line":100,"column":78}},"10":{"start":{"line":100,"column":62},"end":{"line":100,"column":75}},"11":{"start":{"line":116,"column":4},"end":{"line":116,"column":45}},"12":{"start":{"line":131,"column":16},"end":{"line":131,"column":58}},"13":{"start":{"line":132,"column":4},"end":{"line":132,"column":39}},"14":{"start":{"line":148,"column":19},"end":{"line":148,"column":64}},"15":{"start":{"line":149,"column":4},"end":{"line":153,"column":6}},"16":{"start":{"line":151,"column":12},"end":{"line":151,"column":18}},"17":{"start":{"line":152,"column":12},"end":{"line":152,"column":45}},"18":{"start":{"line":23,"column":0},"end":{"line":23,"column":13}}},"fnMap":{"0":{"name":"(anonymous_0)","decl":{"start":{"line":24,"column":2},"end":{"line":24,"column":22}},"loc":{"start":{"line":24,"column":69},"end":{"line":24,"column":73}}},"1":{"name":"(anonymous_1)","decl":{"start":{"line":38,"column":2},"end":{"line":38,"column":5}},"loc":{"start":{"line":38,"column":34},"end":{"line":40,"column":3}}},"2":{"name":"(anonymous_2)","decl":{"start":{"line":54,"column":2},"end":{"line":54,"column":6}},"loc":{"start":{"line":54,"column":6},"end":{"line":56,"column":3}}},"3":{"name":"(anonymous_3)","decl":{"start":{"line":74,"column":8},"end":{"line":74,"column":14}},"loc":{"start":{"line":74,"column":43},"end":{"line":80,"column":null}}},"4":{"name":"(anonymous_5)","decl":{"start":{"line":99,"column":2},"end":{"line":99,"column":9}},"loc":{"start":{"line":99,"column":9},"end":{"line":101,"column":3}}},"5":{"name":"(anonymous_6)","decl":{"start":{"line":100,"column":56},"end":{"line":100,"column":59}},"loc":{"start":{"line":100,"column":62},"end":{"line":100,"column":75}}},"6":{"name":"(anonymous_7)","decl":{"start":{"line":115,"column":2},"end":{"line":115,"column":8}},"loc":{"start":{"line":115,"column":8},"end":{"line":117,"column":3}}},"7":{"name":"(anonymous_8)","decl":{"start":{"line":130,"column":2},"end":{"line":130,"column":8}},"loc":{"start":{"line":130,"column":8},"end":{"line":133,"column":3}}},"8":{"name":"(anonymous_9)","decl":{"start":{"line":147,"column":2},"end":{"line":147,"column":5}},"loc":{"start":{"line":147,"column":24},"end":{"line":154,"column":3}}},"9":{"name":"(anonymous_10)","decl":{"start":{"line":151,"column":6},"end":{"line":151,"column":9}},"loc":{"start":{"line":151,"column":12},"end":{"line":151,"column":18}}},"10":{"name":"(anonymous_11)","decl":{"start":{"line":152,"column":6},"end":{"line":152,"column":9}},"loc":{"start":{"line":152,"column":12},"end":{"line":152,"column":45}}}},"branchMap":{},"s":{"0":2,"1":2,"2":1,"3":1,"4":0,"5":0,"6":0,"7":0,"8":0,"9":0,"10":0,"11":0,"12":0,"13":0,"14":0,"15":0,"16":0,"17":0,"18":2},"f":{"0":1,"1":0,"2":0,"3":0,"4":0,"5":0,"6":0,"7":0,"8":0,"9":0,"10":0},"b":{}}
,"/Users/tobyharris/code/github.com/ouijan/resource-ql/src/nodes/query-resolver.ts": {"path":"/Users/tobyharris/code/github.com/ouijan/resource-ql/src/nodes/query-resolver.ts","statementMap":{"0":{"start":{"line":8,"column":0},"end":{"line":8,"column":32}},"1":{"start":{"line":30,"column":12},"end":{"line":30,"column":33}},"2":{"start":{"line":31,"column":11},"end":{"line":31,"column":66}},"3":{"start":{"line":66,"column":2},"end":{"line":66,"column":22}},"4":{"start":{"line":51,"column":16},"end":{"line":51,"column":42}},"5":{"start":{"line":52,"column":4},"end":{"line":52,"column":41}},"6":{"start":{"line":83,"column":4},"end":{"line":89,"column":6}},"7":{"start":{"line":86,"column":20},"end":{"line":86,"column":49}},"8":{"start":{"line":87,"column":8},"end":{"line":87,"column":53}},"9":{"start":{"line":110,"column":4},"end":{"line":113,"column":7}},"10":{"start":{"line":111,"column":23},"end":{"line":111,"column":52}},"11":{"start":{"line":112,"column":6},"end":{"line":112,"column":32}},"12":{"start":{"line":28,"column":0},"end":{"line":28,"column":13}}},"fnMap":{"0":{"name":"(anonymous_0)","decl":{"start":{"line":29,"column":2},"end":{"line":29,"column":null}},"loc":{"start":{"line":31,"column":66},"end":{"line":32,"column":6}}},"1":{"name":"(anonymous_1)","decl":{"start":{"line":50,"column":2},"end":{"line":50,"column":9}},"loc":{"start":{"line":50,"column":30},"end":{"line":53,"column":3}}},"2":{"name":"(anonymous_2)","decl":{"start":{"line":82,"column":2},"end":{"line":82,"column":13}},"loc":{"start":{"line":82,"column":45},"end":{"line":90,"column":3}}},"3":{"name":"(anonymous_3)","decl":{"start":{"line":85,"column":6},"end":{"line":85,"column":7}},"loc":{"start":{"line":85,"column":50},"end":{"line":88,"column":7}}},"4":{"name":"(anonymous_4)","decl":{"start":{"line":107,"column":2},"end":{"line":107,"column":7}},"loc":{"start":{"line":108,"column":55},"end":{"line":114,"column":3}}},"5":{"name":"(anonymous_5)","decl":{"start":{"line":110,"column":44},"end":{"line":110,"column":45}},"loc":{"start":{"line":110,"column":58},"end":{"line":113,"column":5}}}},"branchMap":{},"s":{"0":0,"1":0,"2":0,"3":0,"4":0,"5":0,"6":0,"7":0,"8":0,"9":0,"10":0,"11":0,"12":0},"f":{"0":0,"1":0,"2":0,"3":0,"4":0,"5":0},"b":{}}
,"/Users/tobyharris/code/github.com/ouijan/resource-ql/src/nodes/query.ts": {"path":"/Users/tobyharris/code/github.com/ouijan/resource-ql/src/nodes/query.ts","statementMap":{"0":{"start":{"line":28,"column":22},"end":{"line":28,"column":43}},"1":{"start":{"line":28,"column":52},"end":{"line":28,"column":71}},"2":{"start":{"line":43,"column":4},"end":{"line":43,"column":57}},"3":{"start":{"line":59,"column":4},"end":{"line":59,"column":45}},"4":{"start":{"line":77,"column":18},"end":{"line":77,"column":60}},"5":{"start":{"line":78,"column":4},"end":{"line":78,"column":43}},"6":{"start":{"line":96,"column":18},"end":{"line":96,"column":36}},"7":{"start":{"line":97,"column":4},"end":{"line":97,"column":43}},"8":{"start":{"line":27,"column":0},"end":{"line":27,"column":13}}},"fnMap":{"0":{"name":"(anonymous_0)","decl":{"start":{"line":28,"column":2},"end":{"line":28,"column":22}},"loc":{"start":{"line":28,"column":71},"end":{"line":28,"column":75}}},"1":{"name":"(anonymous_1)","decl":{"start":{"line":42,"column":2},"end":{"line":42,"column":5}},"loc":{"start":{"line":42,"column":34},"end":{"line":44,"column":3}}},"2":{"name":"(anonymous_2)","decl":{"start":{"line":58,"column":2},"end":{"line":58,"column":6}},"loc":{"start":{"line":58,"column":6},"end":{"line":60,"column":3}}},"3":{"name":"(anonymous_3)","decl":{"start":{"line":76,"column":2},"end":{"line":76,"column":13}},"loc":{"start":{"line":76,"column":45},"end":{"line":79,"column":3}}},"4":{"name":"(anonymous_4)","decl":{"start":{"line":95,"column":2},"end":{"line":95,"column":7}},"loc":{"start":{"line":95,"column":55},"end":{"line":98,"column":3}}}},"branchMap":{},"s":{"0":0,"1":0,"2":0,"3":0,"4":0,"5":0,"6":0,"7":0,"8":0},"f":{"0":0,"1":0,"2":0,"3":0,"4":0},"b":{}}
,"/Users/tobyharris/code/github.com/ouijan/resource-ql/src/testing/testing-adaptor.ts": {"path":"/Users/tobyharris/code/github.com/ouijan/resource-ql/src/testing/testing-adaptor.ts","statementMap":{"0":{"start":{"line":27,"column":2},"end":{"line":27,"column":21}},"1":{"start":{"line":28,"column":2},"end":{"line":28,"column":21}},"2":{"start":{"line":29,"column":2},"end":{"line":29,"column":27}},"3":{"start":{"line":30,"column":2},"end":{"line":30,"column":24}},"4":{"start":{"line":31,"column":2},"end":{"line":31,"column":18}},"5":{"start":{"line":32,"column":2},"end":{"line":32,"column":19}},"6":{"start":{"line":33,"column":2},"end":{"line":33,"column":19}},"7":{"start":{"line":34,"column":2},"end":{"line":34,"column":20}},"8":{"start":{"line":35,"column":2},"end":{"line":35,"column":20}},"9":{"start":{"line":36,"column":2},"end":{"line":36,"column":26}},"10":{"start":{"line":26,"column":0},"end":{"line":26,"column":13}}},"fnMap":{"0":{"name":"(anonymous_0)","decl":{"start":{"line":26,"column":0},"end":{"line":26,"column":13}},"loc":{"start":{"line":26,"column":0},"end":{"line":37,"column":1}}}},"branchMap":{},"s":{"0":11,"1":11,"2":11,"3":11,"4":11,"5":11,"6":11,"7":11,"8":11,"9":11,"10":2},"f":{"0":11},"b":{}}
}
