{"total": {"lines":{"total":95,"covered":38,"skipped":0,"pct":40},"statements":{"total":100,"covered":39,"skipped":0,"pct":39},"functions":{"total":46,"covered":13,"skipped":0,"pct":28.26},"branches":{"total":4,"covered":4,"skipped":0,"pct":100},"branchesTrue":{"total":0,"covered":0,"skipped":0,"pct":100}}
,"/Users/tobyharris/code/github.com/ouijan/resource-ql/src/index.ts": {"lines":{"total":1,"covered":0,"skipped":0,"pct":0},"functions":{"total":1,"covered":0,"skipped":0,"pct":0},"statements":{"total":2,"covered":0,"skipped":0,"pct":0},"branches":{"total":0,"covered":0,"skipped":0,"pct":100}}
,"/Users/tobyharris/code/github.com/ouijan/resource-ql/src/resource.ts": {"lines":{"total":3,"covered":0,"skipped":0,"pct":0},"functions":{"total":2,"covered":0,"skipped":0,"pct":0},"statements":{"total":4,"covered":0,"skipped":0,"pct":0},"branches":{"total":0,"covered":0,"skipped":0,"pct":100}}
,"/Users/tobyharris/code/github.com/ouijan/resource-ql/src/nodes/col-resolver.ts": {"lines":{"total":14,"covered":14,"skipped":0,"pct":100},"functions":{"total":6,"covered":6,"skipped":0,"pct":100},"statements":{"total":14,"covered":14,"skipped":0,"pct":100},"branches":{"total":0,"covered":0,"skipped":0,"pct":100}}
,"/Users/tobyharris/code/github.com/ouijan/resource-ql/src/nodes/col.ts": {"lines":{"total":9,"covered":9,"skipped":0,"pct":100},"functions":{"total":5,"covered":5,"skipped":0,"pct":100},"statements":{"total":9,"covered":9,"skipped":0,"pct":100},"branches":{"total":4,"covered":4,"skipped":0,"pct":100}}
,"/Users/tobyharris/code/github.com/ouijan/resource-ql/src/nodes/doc-resolver.ts": {"lines":{"total":19,"covered":0,"skipped":0,"pct":0},"functions":{"total":9,"covered":0,"skipped":0,"pct":0},"statements":{"total":19,"covered":0,"skipped":0,"pct":0},"branches":{"total":0,"covered":0,"skipped":0,"pct":100}}
,"/Users/tobyharris/code/github.com/ouijan/resource-ql/src/nodes/doc.ts": {"lines":{"total":17,"covered":4,"skipped":0,"pct":23.52},"functions":{"total":11,"covered":1,"skipped":0,"pct":9.09},"statements":{"total":19,"covered":5,"skipped":0,"pct":26.31},"branches":{"total":0,"covered":0,"skipped":0,"pct":100}}
,"/Users/tobyharris/code/github.com/ouijan/resource-ql/src/nodes/query-resolver.ts": {"lines":{"total":13,"covered":0,"skipped":0,"pct":0},"functions":{"total":6,"covered":0,"skipped":0,"pct":0},"statements":{"total":13,"covered":0,"skipped":0,"pct":0},"branches":{"total":0,"covered":0,"skipped":0,"pct":100}}
,"/Users/tobyharris/code/github.com/ouijan/resource-ql/src/nodes/query.ts": {"lines":{"total":8,"covered":0,"skipped":0,"pct":0},"functions":{"total":5,"covered":0,"skipped":0,"pct":0},"statements":{"total":9,"covered":0,"skipped":0,"pct":0},"branches":{"total":0,"covered":0,"skipped":0,"pct":100}}
,"/Users/tobyharris/code/github.com/ouijan/resource-ql/src/testing/testing-adaptor.ts": {"lines":{"total":11,"covered":11,"skipped":0,"pct":100},"functions":{"total":1,"covered":1,"skipped":0,"pct":100},"statements":{"total":11,"covered":11,"skipped":0,"pct":100},"branches":{"total":0,"covered":0,"skipped":0,"pct":100}}
}
