TN:
SF:src/callable.ts
FN:9,MakeCallable
FN:16,(anonymous_1)
FNF:2
FNH:2
FNDA:36,MakeCallable
FNDA:141,(anonymous_1)
DA:9,8
DA:12,36
DA:13,36
DA:16,36
DA:17,141
DA:21,36
DA:23,36
LF:7
LH:7
BRF:0
BRH:0
end_of_record
TN:
SF:src/index.ts
FN:2,(anonymous_0)
FNF:1
FNH:1
FNDA:1,(anonymous_0)
DA:2,2
LF:1
LH:1
BRF:0
BRH:0
end_of_record
TN:
SF:src/resource.ts
FN:38,(anonymous_0)
FN:39,(anonymous_1)
FNF:2
FNH:2
FNDA:3,(anonymous_0)
FNDA:1,(anonymous_1)
DA:2,2
DA:37,2
DA:39,3
LF:3
LH:3
BRF:0
BRH:0
end_of_record
TN:
SF:src/nodes/col-resolver.ts
FN:39,(anonymous_0)
FN:49,(anonymous_1)
FN:71,(anonymous_2)
FN:106,(anonymous_3)
FN:109,(anonymous_4)
FN:130,(anonymous_5)
FN:131,(anonymous_6)
FNF:7
FNH:7
FNDA:12,(anonymous_0)
FNDA:12,(anonymous_1)
FNDA:8,(anonymous_2)
FNDA:1,(anonymous_3)
FNDA:1,(anonymous_4)
FNDA:2,(anonymous_5)
FNDA:2,(anonymous_6)
DA:9,6
DA:10,6
DA:36,6
DA:44,12
DA:50,12
DA:51,12
DA:52,12
DA:72,8
DA:73,8
DA:74,8
DA:89,12
DA:109,1
DA:110,1
DA:111,1
DA:131,2
DA:132,2
DA:133,2
LF:17
LH:17
BRF:0
BRH:0
end_of_record
TN:
SF:src/nodes/col.ts
FN:32,(anonymous_0)
FN:54,(anonymous_1)
FN:70,(anonymous_2)
FN:85,(anonymous_3)
FN:101,(anonymous_4)
FNF:5
FNH:5
FNDA:16,(anonymous_0)
FNDA:2,(anonymous_1)
FNDA:1,(anonymous_2)
FNDA:2,(anonymous_3)
FNDA:1,(anonymous_4)
DA:10,6
DA:29,6
DA:33,16
DA:34,16
DA:37,16
DA:55,2
DA:71,1
DA:86,2
DA:102,1
LF:9
LH:9
BRDA:37,0,0,12
BRDA:37,0,1,4
BRDA:37,1,0,16
BRDA:37,1,1,16
BRF:4
BRH:4
end_of_record
TN:
SF:src/nodes/doc-resolver.ts
FN:35,(anonymous_0)
FN:42,(anonymous_1)
FN:61,(anonymous_2)
FN:62,(anonymous_3)
FN:84,(anonymous_4)
FN:117,(anonymous_5)
FN:118,(anonymous_6)
FN:120,(anonymous_7)
FN:145,(anonymous_8)
FN:148,(anonymous_9)
FNF:10
FNH:10
FNDA:8,(anonymous_0)
FNDA:11,(anonymous_1)
FNDA:2,(anonymous_2)
FNDA:2,(anonymous_3)
FNDA:4,(anonymous_4)
FNDA:1,(anonymous_5)
FNDA:2,(anonymous_6)
FNDA:1,(anonymous_7)
FNDA:1,(anonymous_8)
FNDA:1,(anonymous_9)
DA:1,3
DA:3,3
DA:4,3
DA:5,3
DA:32,3
DA:39,8
DA:43,11
DA:44,11
DA:62,2
DA:63,2
DA:64,2
DA:85,4
DA:100,11
DA:118,1
DA:119,2
DA:120,1
DA:121,1
DA:122,1
DA:148,1
DA:149,1
DA:150,1
LF:21
LH:21
BRF:0
BRH:0
end_of_record
TN:
SF:src/nodes/doc.ts
FN:24,(anonymous_0)
FN:38,(anonymous_1)
FN:54,(anonymous_2)
FN:74,(anonymous_3)
FN:99,(anonymous_5)
FN:100,(anonymous_6)
FN:115,(anonymous_7)
FN:130,(anonymous_8)
FN:147,(anonymous_9)
FN:151,(anonymous_10)
FN:152,(anonymous_11)
FNF:11
FNH:11
FNDA:17,(anonymous_0)
FNDA:3,(anonymous_1)
FNDA:1,(anonymous_2)
FNDA:2,(anonymous_3)
FNDA:2,(anonymous_5)
FNDA:1,(anonymous_6)
FNDA:2,(anonymous_7)
FNDA:1,(anonymous_8)
FNDA:1,(anonymous_9)
FNDA:1,(anonymous_10)
FNDA:1,(anonymous_11)
DA:1,6
DA:3,6
DA:23,6
DA:24,17
DA:39,3
DA:55,1
DA:75,2
DA:76,2
DA:78,1
DA:100,2
DA:116,2
DA:131,1
DA:132,1
DA:148,1
DA:149,1
DA:151,1
DA:152,1
LF:17
LH:17
BRF:0
BRH:0
end_of_record
TN:
SF:src/nodes/query-resolver.ts
FN:38,(anonymous_0)
FN:45,(anonymous_1)
FN:66,(anonymous_2)
FN:98,(anonymous_3)
FN:101,(anonymous_4)
FN:123,(anonymous_5)
FN:126,(anonymous_6)
FNF:7
FNH:7
FNDA:10,(anonymous_0)
FNDA:10,(anonymous_1)
FNDA:7,(anonymous_2)
FNDA:2,(anonymous_3)
FNDA:2,(anonymous_4)
FNDA:1,(anonymous_5)
FNDA:1,(anonymous_6)
DA:1,4
DA:9,4
DA:35,4
DA:42,10
DA:46,10
DA:47,10
DA:67,7
DA:68,7
DA:82,10
DA:99,2
DA:102,2
DA:103,2
DA:126,1
DA:127,1
DA:128,1
LF:15
LH:15
BRF:0
BRH:0
end_of_record
TN:
SF:src/nodes/query.ts
FN:28,(anonymous_0)
FN:42,(anonymous_1)
FN:58,(anonymous_2)
FN:76,(anonymous_3)
FN:95,(anonymous_4)
FNF:5
FNH:5
FNDA:15,(anonymous_0)
FNDA:2,(anonymous_1)
FNDA:1,(anonymous_2)
FNDA:1,(anonymous_3)
FNDA:1,(anonymous_4)
DA:27,5
DA:28,15
DA:43,2
DA:59,1
DA:77,1
DA:78,1
DA:96,1
DA:97,1
LF:8
LH:8
BRF:0
BRH:0
end_of_record
TN:
SF:src/testing/testing-adaptor.ts
FN:26,(anonymous_0)
FNF:1
FNH:1
FNDA:46,(anonymous_0)
DA:26,7
DA:27,46
DA:28,46
DA:29,46
DA:30,46
DA:31,46
DA:32,46
DA:33,46
DA:34,46
DA:35,46
DA:36,46
LF:11
LH:11
BRF:0
BRH:0
end_of_record
