TN:
SF:src/index.ts
FN:2,(anonymous_0)
FNF:1
FNH:0
FNDA:0,(anonymous_0)
DA:2,0
LF:1
LH:0
BRF:0
BRH:0
end_of_record
TN:
SF:src/resource.ts
FN:38,(anonymous_0)
FN:39,(anonymous_1)
FNF:2
FNH:0
FNDA:0,(anonymous_0)
FNDA:0,(anonymous_1)
DA:2,0
DA:37,0
DA:39,0
LF:3
LH:0
BRF:0
BRH:0
end_of_record
TN:
SF:src/nodes/col-resolver.ts
FN:30,(anonymous_0)
FN:52,(anonymous_1)
FN:86,(anonymous_2)
FN:89,(anonymous_3)
FN:110,(anonymous_4)
FN:111,(anonymous_5)
FNF:6
FNH:6
FNDA:6,(anonymous_0)
FNDA:2,(anonymous_1)
FNDA:1,(anonymous_2)
FNDA:1,(anonymous_3)
FNDA:1,(anonymous_4)
FNDA:1,(anonymous_5)
DA:9,2
DA:29,2
DA:31,6
DA:32,6
DA:33,6
DA:53,2
DA:54,2
DA:69,6
DA:89,1
DA:90,1
DA:91,1
DA:111,1
DA:112,1
DA:113,1
LF:14
LH:14
BRF:0
BRH:0
end_of_record
TN:
SF:src/nodes/col.ts
FN:32,(anonymous_0)
FN:54,(anonymous_1)
FN:70,(anonymous_2)
FN:85,(anonymous_3)
FN:101,(anonymous_4)
FNF:5
FNH:5
FNDA:10,(anonymous_0)
FNDA:2,(anonymous_1)
FNDA:1,(anonymous_2)
FNDA:2,(anonymous_3)
FNDA:1,(anonymous_4)
DA:10,2
DA:29,2
DA:33,10
DA:34,10
DA:37,10
DA:55,2
DA:71,1
DA:86,2
DA:102,1
LF:9
LH:9
BRDA:37,0,0,7
BRDA:37,0,1,3
BRDA:37,1,0,10
BRDA:37,1,1,10
BRF:4
BRH:4
end_of_record
TN:
SF:src/nodes/doc-resolver.ts
FN:26,(anonymous_0)
FN:45,(anonymous_1)
FN:46,(anonymous_2)
FN:68,(anonymous_3)
FN:101,(anonymous_4)
FN:102,(anonymous_5)
FN:104,(anonymous_6)
FN:129,(anonymous_7)
FN:132,(anonymous_8)
FNF:9
FNH:0
FNDA:0,(anonymous_0)
FNDA:0,(anonymous_1)
FNDA:0,(anonymous_2)
FNDA:0,(anonymous_3)
FNDA:0,(anonymous_4)
FNDA:0,(anonymous_5)
FNDA:0,(anonymous_6)
FNDA:0,(anonymous_7)
FNDA:0,(anonymous_8)
DA:2,0
DA:3,0
DA:4,0
DA:25,0
DA:27,0
DA:28,0
DA:46,0
DA:47,0
DA:48,0
DA:69,0
DA:84,0
DA:102,0
DA:103,0
DA:104,0
DA:105,0
DA:106,0
DA:132,0
DA:133,0
DA:134,0
LF:19
LH:0
BRF:0
BRH:0
end_of_record
TN:
SF:src/nodes/doc.ts
FN:24,(anonymous_0)
FN:38,(anonymous_1)
FN:54,(anonymous_2)
FN:74,(anonymous_3)
FN:99,(anonymous_5)
FN:100,(anonymous_6)
FN:115,(anonymous_7)
FN:130,(anonymous_8)
FN:147,(anonymous_9)
FN:151,(anonymous_10)
FN:152,(anonymous_11)
FNF:11
FNH:1
FNDA:1,(anonymous_0)
FNDA:0,(anonymous_1)
FNDA:0,(anonymous_2)
FNDA:0,(anonymous_3)
FNDA:0,(anonymous_5)
FNDA:0,(anonymous_6)
FNDA:0,(anonymous_7)
FNDA:0,(anonymous_8)
FNDA:0,(anonymous_9)
FNDA:0,(anonymous_10)
FNDA:0,(anonymous_11)
DA:1,2
DA:3,2
DA:23,2
DA:24,1
DA:39,0
DA:55,0
DA:75,0
DA:76,0
DA:78,0
DA:100,0
DA:116,0
DA:131,0
DA:132,0
DA:148,0
DA:149,0
DA:151,0
DA:152,0
LF:17
LH:4
BRF:0
BRH:0
end_of_record
TN:
SF:src/nodes/query-resolver.ts
FN:29,(anonymous_0)
FN:50,(anonymous_1)
FN:82,(anonymous_2)
FN:85,(anonymous_3)
FN:107,(anonymous_4)
FN:110,(anonymous_5)
FNF:6
FNH:0
FNDA:0,(anonymous_0)
FNDA:0,(anonymous_1)
FNDA:0,(anonymous_2)
FNDA:0,(anonymous_3)
FNDA:0,(anonymous_4)
FNDA:0,(anonymous_5)
DA:8,0
DA:28,0
DA:30,0
DA:31,0
DA:51,0
DA:52,0
DA:66,0
DA:83,0
DA:86,0
DA:87,0
DA:110,0
DA:111,0
DA:112,0
LF:13
LH:0
BRF:0
BRH:0
end_of_record
TN:
SF:src/nodes/query.ts
FN:28,(anonymous_0)
FN:42,(anonymous_1)
FN:58,(anonymous_2)
FN:76,(anonymous_3)
FN:95,(anonymous_4)
FNF:5
FNH:0
FNDA:0,(anonymous_0)
FNDA:0,(anonymous_1)
FNDA:0,(anonymous_2)
FNDA:0,(anonymous_3)
FNDA:0,(anonymous_4)
DA:27,0
DA:28,0
DA:43,0
DA:59,0
DA:77,0
DA:78,0
DA:96,0
DA:97,0
LF:8
LH:0
BRF:0
BRH:0
end_of_record
TN:
SF:src/testing/testing-adaptor.ts
FN:26,(anonymous_0)
FNF:1
FNH:1
FNDA:11,(anonymous_0)
DA:26,2
DA:27,11
DA:28,11
DA:29,11
DA:30,11
DA:31,11
DA:32,11
DA:33,11
DA:34,11
DA:35,11
DA:36,11
LF:11
LH:11
BRF:0
BRH:0
end_of_record
